{
  "RSpec": {
    "coverage": {
      "F:/awebdir/slap/app/controllers/api/v1/user_sessions_controller.rb": [
        1,
        1,
        1,
        null,
        null,
        1,
        0,
        0,
        0,
        0,
        0,
        0,
        null,
        0,
        null,
        null,
        0,
        null,
        null,
        1,
        0,
        0,
        null,
        null,
        1,
        0,
        0,
        0,
        0,
        0,
        0,
        null,
        0,
        null,
        null,
        1,
        0,
        null,
        1,
        0,
        null,
        null,
        null,
        null
      ],
      "F:/awebdir/slap/app/controllers/application_controller.rb": [
        1,
        1,
        null,
        null,
        1,
        1,
        0,
        0,
        0,
        0,
        0,
        null,
        null,
        1,
        0,
        0,
        0,
        0,
        null,
        null,
        null,
        null,
        null,
        null
      ],
      "F:/awebdir/slap/app/controllers/concerns/user_session.rb": [
        1,
        1,
        1,
        1,
        null,
        1,
        0,
        0,
        0,
        null,
        0,
        null,
        null,
        null,
        1,
        0,
        null,
        1,
        0,
        0,
        0,
        0,
        null,
        0,
        null,
        null,
        null,
        null
      ]
    },
    "timestamp": 1404290451
  }
}
